<?xml version="1.0" encoding="UTF-8"?>
<testsuite xmlns:xsi="http://www.w3.org/2001/XMLSchema-instance" xsi:noNamespaceSchemaLocation="https://maven.apache.org/surefire/maven-surefire-plugin/xsd/surefire-test-report.xsd" name="com.njonecompany.web.TestWelcome" time="6.498" tests="1" errors="0" skipped="0" failures="0">
  <properties>
    <property name="awt.toolkit" value="sun.awt.X11.XToolkit"/>
    <property name="java.specification.version" value="11"/>
    <property name="sun.cpu.isalist" value=""/>
    <property name="sun.jnu.encoding" value="UTF-8"/>
    <property name="java.class.path" value="/var/jenkins_home/workspace/third-tomcat-project/target/test-classes:/var/jenkins_home/workspace/third-tomcat-project/target/classes:/var/jenkins_home/.m2/repository/org/springframework/spring-webmvc/5.3.17/spring-webmvc-5.3.17.jar:/var/jenkins_home/.m2/repository/org/springframework/spring-aop/5.3.17/spring-aop-5.3.17.jar:/var/jenkins_home/.m2/repository/org/springframework/spring-beans/5.3.17/spring-beans-5.3.17.jar:/var/jenkins_home/.m2/repository/org/springframework/spring-context/5.3.17/spring-context-5.3.17.jar:/var/jenkins_home/.m2/repository/org/springframework/spring-core/5.3.17/spring-core-5.3.17.jar:/var/jenkins_home/.m2/repository/org/springframework/spring-jcl/5.3.17/spring-jcl-5.3.17.jar:/var/jenkins_home/.m2/repository/org/springframework/spring-expression/5.3.17/spring-expression-5.3.17.jar:/var/jenkins_home/.m2/repository/org/springframework/spring-web/5.3.17/spring-web-5.3.17.jar:/var/jenkins_home/.m2/repository/org/springframework/spring-test/5.3.17/spring-test-5.3.17.jar:/var/jenkins_home/.m2/repository/ch/qos/logback/logback-classic/1.2.3/logback-classic-1.2.3.jar:/var/jenkins_home/.m2/repository/ch/qos/logback/logback-core/1.2.3/logback-core-1.2.3.jar:/var/jenkins_home/.m2/repository/org/slf4j/slf4j-api/1.7.25/slf4j-api-1.7.25.jar:/var/jenkins_home/.m2/repository/org/junit/jupiter/junit-jupiter-engine/5.3.1/junit-jupiter-engine-5.3.1.jar:/var/jenkins_home/.m2/repository/org/apiguardian/apiguardian-api/1.0.0/apiguardian-api-1.0.0.jar:/var/jenkins_home/.m2/repository/org/junit/platform/junit-platform-engine/1.3.1/junit-platform-engine-1.3.1.jar:/var/jenkins_home/.m2/repository/org/junit/platform/junit-platform-commons/1.3.1/junit-platform-commons-1.3.1.jar:/var/jenkins_home/.m2/repository/org/opentest4j/opentest4j/1.1.1/opentest4j-1.1.1.jar:/var/jenkins_home/.m2/repository/org/junit/jupiter/junit-jupiter-api/5.3.1/junit-jupiter-api-5.3.1.jar:/var/jenkins_home/.m2/repository/org/hamcrest/hamcrest-library/1.3/hamcrest-library-1.3.jar:/var/jenkins_home/.m2/repository/org/hamcrest/hamcrest-core/1.3/hamcrest-core-1.3.jar:/var/jenkins_home/.m2/repository/javax/servlet/javax.servlet-api/3.1.0/javax.servlet-api-3.1.0.jar:/var/jenkins_home/.m2/repository/javax/servlet/jstl/1.2/jstl-1.2.jar:/var/jenkins_home/.m2/repository/javax/servlet/jsp/javax.servlet.jsp-api/2.3.1/javax.servlet.jsp-api-2.3.1.jar:"/>
    <property name="java.vm.vendor" value="Eclipse Adoptium"/>
    <property name="sun.arch.data.model" value="64"/>
    <property name="java.vendor.url" value="https://adoptium.net/"/>
    <property name="user.timezone" value=""/>
    <property name="java.vm.specification.version" value="11"/>
    <property name="os.name" value="Linux"/>
    <property name="sun.java.launcher" value="SUN_STANDARD"/>
    <property name="sun.boot.library.path" value="/opt/java/openjdk/lib"/>
    <property name="sun.java.command" value="/var/jenkins_home/workspace/third-tomcat-project/target/surefire/surefirebooter5169024925786440903.jar /var/jenkins_home/workspace/third-tomcat-project/target/surefire 2023-10-16T04-38-17_243-jvmRun1 surefire11036589983080422894tmp surefire_05081652008323585640tmp"/>
    <property name="jdk.debug" value="release"/>
    <property name="surefire.test.class.path" value="/var/jenkins_home/workspace/third-tomcat-project/target/test-classes:/var/jenkins_home/workspace/third-tomcat-project/target/classes:/var/jenkins_home/.m2/repository/org/springframework/spring-webmvc/5.3.17/spring-webmvc-5.3.17.jar:/var/jenkins_home/.m2/repository/org/springframework/spring-aop/5.3.17/spring-aop-5.3.17.jar:/var/jenkins_home/.m2/repository/org/springframework/spring-beans/5.3.17/spring-beans-5.3.17.jar:/var/jenkins_home/.m2/repository/org/springframework/spring-context/5.3.17/spring-context-5.3.17.jar:/var/jenkins_home/.m2/repository/org/springframework/spring-core/5.3.17/spring-core-5.3.17.jar:/var/jenkins_home/.m2/repository/org/springframework/spring-jcl/5.3.17/spring-jcl-5.3.17.jar:/var/jenkins_home/.m2/repository/org/springframework/spring-expression/5.3.17/spring-expression-5.3.17.jar:/var/jenkins_home/.m2/repository/org/springframework/spring-web/5.3.17/spring-web-5.3.17.jar:/var/jenkins_home/.m2/repository/org/springframework/spring-test/5.3.17/spring-test-5.3.17.jar:/var/jenkins_home/.m2/repository/ch/qos/logback/logback-classic/1.2.3/logback-classic-1.2.3.jar:/var/jenkins_home/.m2/repository/ch/qos/logback/logback-core/1.2.3/logback-core-1.2.3.jar:/var/jenkins_home/.m2/repository/org/slf4j/slf4j-api/1.7.25/slf4j-api-1.7.25.jar:/var/jenkins_home/.m2/repository/org/junit/jupiter/junit-jupiter-engine/5.3.1/junit-jupiter-engine-5.3.1.jar:/var/jenkins_home/.m2/repository/org/apiguardian/apiguardian-api/1.0.0/apiguardian-api-1.0.0.jar:/var/jenkins_home/.m2/repository/org/junit/platform/junit-platform-engine/1.3.1/junit-platform-engine-1.3.1.jar:/var/jenkins_home/.m2/repository/org/junit/platform/junit-platform-commons/1.3.1/junit-platform-commons-1.3.1.jar:/var/jenkins_home/.m2/repository/org/opentest4j/opentest4j/1.1.1/opentest4j-1.1.1.jar:/var/jenkins_home/.m2/repository/org/junit/jupiter/junit-jupiter-api/5.3.1/junit-jupiter-api-5.3.1.jar:/var/jenkins_home/.m2/repository/org/hamcrest/hamcrest-library/1.3/hamcrest-library-1.3.jar:/var/jenkins_home/.m2/repository/org/hamcrest/hamcrest-core/1.3/hamcrest-core-1.3.jar:/var/jenkins_home/.m2/repository/javax/servlet/javax.servlet-api/3.1.0/javax.servlet-api-3.1.0.jar:/var/jenkins_home/.m2/repository/javax/servlet/jstl/1.2/jstl-1.2.jar:/var/jenkins_home/.m2/repository/javax/servlet/jsp/javax.servlet.jsp-api/2.3.1/javax.servlet.jsp-api-2.3.1.jar:"/>
    <property name="sun.cpu.endian" value="little"/>
    <property name="user.home" value="/var/jenkins_home"/>
    <property name="user.language" value="en"/>
    <property name="java.specification.vendor" value="Oracle Corporation"/>
    <property name="java.version.date" value="2023-08-24"/>
    <property name="java.home" value="/opt/java/openjdk"/>
    <property name="file.separator" value="/"/>
    <property name="basedir" value="/var/jenkins_home/workspace/third-tomcat-project"/>
    <property name="java.vm.compressedOopsMode" value="Zero based"/>
    <property name="line.separator" value="&#10;"/>
    <property name="java.specification.name" value="Java Platform API Specification"/>
    <property name="java.vm.specification.vendor" value="Oracle Corporation"/>
    <property name="java.awt.graphicsenv" value="sun.awt.X11GraphicsEnvironment"/>
    <property name="surefire.real.class.path" value="/var/jenkins_home/workspace/third-tomcat-project/target/surefire/surefirebooter5169024925786440903.jar"/>
    <property name="sun.management.compiler" value="HotSpot 64-Bit Tiered Compilers"/>
    <property name="java.runtime.version" value="11.0.20.1+1"/>
    <property name="user.name" value="jenkins"/>
    <property name="path.separator" value=":"/>
    <property name="os.version" value="5.10.102.1-microsoft-standard-WSL2"/>
    <property name="java.runtime.name" value="OpenJDK Runtime Environment"/>
    <property name="file.encoding" value="UTF-8"/>
    <property name="java.vm.name" value="OpenJDK 64-Bit Server VM"/>
    <property name="java.vendor.version" value="Temurin-11.0.20.1+1"/>
    <property name="localRepository" value="/var/jenkins_home/.m2/repository"/>
    <property name="java.vendor.url.bug" value="https://github.com/adoptium/adoptium-support/issues"/>
    <property name="java.io.tmpdir" value="/tmp"/>
    <property name="java.version" value="11.0.20.1"/>
    <property name="user.dir" value="/var/jenkins_home/workspace/third-tomcat-project"/>
    <property name="os.arch" value="amd64"/>
    <property name="java.vm.specification.name" value="Java Virtual Machine Specification"/>
    <property name="java.awt.printerjob" value="sun.print.PSPrinterJob"/>
    <property name="sun.os.patch.level" value="unknown"/>
    <property name="java.library.path" value="/usr/java/packages/lib:/usr/lib64:/lib64:/lib:/usr/lib"/>
    <property name="java.vm.info" value="mixed mode"/>
    <property name="java.vendor" value="Eclipse Adoptium"/>
    <property name="java.vm.version" value="11.0.20.1+1"/>
    <property name="java.specification.maintenance.version" value="2"/>
    <property name="sun.io.unicode.encoding" value="UnicodeLittle"/>
    <property name="java.class.version" value="55.0"/>
  </properties>
  <testcase name="testWelcome" classname="com.njonecompany.web.TestWelcome" time="0.586"/>
</testsuite>